2025-11-02 10:50:40,725 - INFO - ============================================================
2025-11-02 10:50:40,725 - INFO - ๐ ุจุฏุก ุชุดุบูู ุจูุช ุงูุฃุฑูุงู ุงููุฌุงููุฉ - ุงููุณุฎุฉ ุงูููุชููุฉ
2025-11-02 10:50:40,725 - INFO - ============================================================
2025-11-02 10:50:40,725 - INFO - โ ุชู ุงูุนุซูุฑ ุนูู BOT_TOKEN
2025-11-02 10:50:40,725 - INFO - โ ADMIN_ID: 7237912884
2025-11-02 10:50:40,725 - INFO - โ ูุณุงุฑ ูุงุนุฏุฉ ุงูุจูุงูุงุช: free_numbers_bot.db
2025-11-02 10:50:40,725 - INFO - ๐ ุชููุฆุฉ ูุงุนุฏุฉ ุงูุจูุงูุงุช...
2025-11-02 10:50:41,157 - INFO - โ ุชู ุชููุฆุฉ ูุงุนุฏุฉ ุงูุจูุงูุงุช ุจูุฌุงุญ ูุน ุฌููุน ุงูุฌุฏุงูู ูุงูููุงุฑุณ
2025-11-02 10:50:41,172 - INFO - ๐ ุฅุญุตุงุฆูุงุช ูุงุนุฏุฉ ุงูุจูุงูุงุช: 0 ูุณุชุฎุฏูุ 0 ุฏููุฉุ 0 ุฑููุ 0 ูุดุชุฑู PRO
2025-11-02 10:50:41,191 - INFO - โ ุชู ุชููุฆุฉ ูุงุนุฏุฉ ุงูุจูุงูุงุช ุจูุฌุงุญ
2025-11-02 10:50:41,191 - INFO - ๐ ุจุฏุก ุฎููุท ุงูุนูู...
2025-11-02 10:50:41,192 - ERROR - โ ุฎุทุฃ ูู ุฎูุท ุงูุชูุธูู: '_GeneratorContextManager' object has no attribute 'cursor'
2025-11-02 10:50:41,192 - ERROR - โ ุฎุทุฃ ูู worker ุงูุชูุงุก PRO: '_GeneratorContextManager' object has no attribute 'cursor'
2025-11-02 10:50:41,192 - INFO - โ ุชู ุจุฏุก ุฌููุน ุฎููุท ุงูุนูู
2025-11-02 10:50:42,061 - INFO - โ ุชู ุชุนููู ุฃูุงูุฑ ุงูุจูุช
2025-11-02 10:50:42,061 - ERROR - โ ุฎุทุฃ ุญุฑุฌ ูู ุชุดุบูู ุงูุจูุช: '_GeneratorContextManager' object has no attribute 'cursor'
2025-11-02 10:50:42,061 - INFO - ๐ ุชู ุฅููุงู ุงูุจูุช
2025-11-02 10:50:42,061 - ERROR - โ ุฎุทุฃ ุนุงู ูู ุงูุจุฑูุงูุฌ: '_GeneratorContextManager' object has no attribute 'cursor'
2025-11-02 10:50:46,284 - INFO - ============================================================
2025-11-02 10:50:46,284 - INFO - ๐ ุจุฏุก ุชุดุบูู ุจูุช ุงูุฃุฑูุงู ุงููุฌุงููุฉ - ุงููุณุฎุฉ ุงูููุชููุฉ
2025-11-02 10:50:46,284 - INFO - ============================================================
2025-11-02 10:50:46,284 - INFO - โ ุชู ุงูุนุซูุฑ ุนูู BOT_TOKEN
2025-11-02 10:50:46,284 - INFO - โ ADMIN_ID: 7237912884
2025-11-02 10:50:46,284 - INFO - โ ูุณุงุฑ ูุงุนุฏุฉ ุงูุจูุงูุงุช: free_numbers_bot.db
2025-11-02 10:50:46,284 - INFO - ๐ ุชููุฆุฉ ูุงุนุฏุฉ ุงูุจูุงูุงุช...
2025-11-02 10:50:46,431 - INFO - โ ุชู ุชููุฆุฉ ูุงุนุฏุฉ ุงูุจูุงูุงุช ุจูุฌุงุญ ูุน ุฌููุน ุงูุฌุฏุงูู ูุงูููุงุฑุณ
2025-11-02 10:50:46,444 - INFO - ๐ ุฅุญุตุงุฆูุงุช ูุงุนุฏุฉ ุงูุจูุงูุงุช: 0 ูุณุชุฎุฏูุ 0 ุฏููุฉุ 0 ุฑููุ 0 ูุดุชุฑู PRO
2025-11-02 10:50:46,455 - INFO - โ ุชู ุชููุฆุฉ ูุงุนุฏุฉ ุงูุจูุงูุงุช ุจูุฌุงุญ
2025-11-02 10:50:46,455 - INFO - ๐ ุจุฏุก ุฎููุท ุงูุนูู...
2025-11-02 10:50:46,456 - ERROR - โ ุฎุทุฃ ูู ุฎูุท ุงูุชูุธูู: '_GeneratorContextManager' object has no attribute 'cursor'
2025-11-02 10:50:46,456 - ERROR - โ ุฎุทุฃ ูู worker ุงูุชูุงุก PRO: '_GeneratorContextManager' object has no attribute 'cursor'
2025-11-02 10:50:46,456 - INFO - โ ุชู ุจุฏุก ุฌููุน ุฎููุท ุงูุนูู
2025-11-02 10:50:46,812 - INFO - โ ุชู ุชุนููู ุฃูุงูุฑ ุงูุจูุช
2025-11-02 10:50:46,812 - ERROR - โ ุฎุทุฃ ุญุฑุฌ ูู ุชุดุบูู ุงูุจูุช: '_GeneratorContextManager' object has no attribute 'cursor'
2025-11-02 10:50:46,812 - INFO - ๐ ุชู ุฅููุงู ุงูุจูุช
2025-11-02 10:50:46,812 - ERROR - โ ุฎุทุฃ ุนุงู ูู ุงูุจุฑูุงูุฌ: '_GeneratorContextManager' object has no attribute 'cursor'
2025-11-02 10:51:09,756 - INFO - ============================================================
2025-11-02 10:51:09,756 - INFO - ๐ ุจุฏุก ุชุดุบูู ุจูุช ุงูุฃุฑูุงู ุงููุฌุงููุฉ - ุงููุณุฎุฉ ุงูููุชููุฉ
2025-11-02 10:51:09,756 - INFO - ============================================================
2025-11-02 10:51:09,756 - INFO - โ ุชู ุงูุนุซูุฑ ุนูู BOT_TOKEN
2025-11-02 10:51:09,756 - INFO - โ ADMIN_ID: 7237912884
2025-11-02 10:51:09,756 - INFO - โ ูุณุงุฑ ูุงุนุฏุฉ ุงูุจูุงูุงุช: free_numbers_bot.db
2025-11-02 10:51:09,758 - INFO - ๐ ุชููุฆุฉ ูุงุนุฏุฉ ุงูุจูุงูุงุช...
2025-11-02 10:51:09,894 - INFO - โ ุชู ุชููุฆุฉ ูุงุนุฏุฉ ุงูุจูุงูุงุช ุจูุฌุงุญ ูุน ุฌููุน ุงูุฌุฏุงูู ูุงูููุงุฑุณ
2025-11-02 10:51:09,908 - INFO - ๐ ุฅุญุตุงุฆูุงุช ูุงุนุฏุฉ ุงูุจูุงูุงุช: 0 ูุณุชุฎุฏูุ 0 ุฏููุฉุ 0 ุฑููุ 0 ูุดุชุฑู PRO
2025-11-02 10:51:09,917 - INFO - โ ุชู ุชููุฆุฉ ูุงุนุฏุฉ ุงูุจูุงูุงุช ุจูุฌุงุญ
2025-11-02 10:51:09,917 - INFO - ๐ ุจุฏุก ุฎููุท ุงูุนูู...
2025-11-02 10:51:09,918 - ERROR - โ ุฎุทุฃ ูู ุฎูุท ุงูุชูุธูู: '_GeneratorContextManager' object has no attribute 'cursor'
2025-11-02 10:51:09,918 - ERROR - โ ุฎุทุฃ ูู worker ุงูุชูุงุก PRO: '_GeneratorContextManager' object has no attribute 'cursor'
2025-11-02 10:51:09,918 - INFO - โ ุชู ุจุฏุก ุฌููุน ุฎููุท ุงูุนูู
2025-11-02 10:51:11,404 - INFO - โ ุชู ุชุนููู ุฃูุงูุฑ ุงูุจูุช
2025-11-02 10:51:11,469 - INFO - ๐ ุฅุญุตุงุฆูุงุช ูุงุนุฏุฉ ุงูุจูุงูุงุช:
2025-11-02 10:51:11,470 - INFO -    ๐ฅ ุนุฏุฏ ุงููุณุชุฎุฏููู: 0
2025-11-02 10:51:11,470 - INFO -    ๐ ุงูุฏูู ุงููุดุทุฉ: 0
2025-11-02 10:51:11,470 - INFO -    ๐ ุนุฏุฏ ุงูุฃุฑูุงู: 0
2025-11-02 10:51:11,470 - INFO -    โญ ูุดุชุฑูู PRO: 0
2025-11-02 10:51:11,478 - INFO - ============================================================
2025-11-02 10:51:11,479 - INFO - ๐ ุชู ุชุดุบูู ุงูุจูุช ุจูุฌุงุญ!
2025-11-02 10:51:11,479 - INFO - ๐ ุจุฏุก ุงุณุชูุจุงู ุงูุฑุณุงุฆู...
2025-11-02 10:51:11,479 - INFO - ============================================================
2025-11-02 10:51:11,479 - INFO - ๐ ุจุฏุก ุนูููุฉ Polling...
2025-11-02 10:51:23,453 - ERROR - โ ุฎุทุฃ ูู Polling: '_GeneratorContextManager' object has no attribute 'cursor'
2025-11-02 10:51:23,454 - INFO - ๐ ุฅุนุงุฏุฉ ุงููุญุงููุฉ ุฎูุงู 10 ุซูุงู...
2025-11-02 10:51:59,766 - INFO - ============================================================
2025-11-02 10:51:59,766 - INFO - ๐ ุจุฏุก ุชุดุบูู ุจูุช ุงูุฃุฑูุงู ุงููุฌุงููุฉ - ุงููุณุฎุฉ ุงูููุชููุฉ
2025-11-02 10:51:59,766 - INFO - ============================================================
2025-11-02 10:51:59,766 - INFO - โ ุชู ุงูุนุซูุฑ ุนูู BOT_TOKEN
2025-11-02 10:51:59,766 - INFO - โ ADMIN_ID: 7237912884
2025-11-02 10:51:59,766 - INFO - โ ูุณุงุฑ ูุงุนุฏุฉ ุงูุจูุงูุงุช: free_numbers_bot.db
2025-11-02 10:51:59,766 - INFO - ๐ ุชููุฆุฉ ูุงุนุฏุฉ ุงูุจูุงูุงุช...
2025-11-02 10:51:59,887 - INFO - โ ุชู ุชููุฆุฉ ูุงุนุฏุฉ ุงูุจูุงูุงุช ุจูุฌุงุญ ูุน ุฌููุน ุงูุฌุฏุงูู ูุงูููุงุฑุณ
2025-11-02 10:51:59,901 - INFO - ๐ ุฅุญุตุงุฆูุงุช ูุงุนุฏุฉ ุงูุจูุงูุงุช: 0 ูุณุชุฎุฏูุ 0 ุฏููุฉุ 0 ุฑููุ 0 ูุดุชุฑู PRO
2025-11-02 10:51:59,912 - INFO - โ ุชู ุชููุฆุฉ ูุงุนุฏุฉ ุงูุจูุงูุงุช ุจูุฌุงุญ
2025-11-02 10:51:59,912 - INFO - ๐ ุจุฏุก ุฎููุท ุงูุนูู...
2025-11-02 10:51:59,912 - ERROR - โ ุฎุทุฃ ูู ุฎูุท ุงูุชูุธูู: '_GeneratorContextManager' object has no attribute 'cursor'
2025-11-02 10:51:59,912 - INFO - โ ุชู ุจุฏุก ุฌููุน ุฎููุท ุงูุนูู
2025-11-02 10:52:00,010 - ERROR - โ ุฎุทุฃ ูู worker ุงูุชูุงุก PRO: no such column: user_id
2025-11-02 10:52:00,208 - INFO - โ ุชู ุชุนููู ุฃูุงูุฑ ุงูุจูุช
2025-11-02 10:52:00,273 - INFO - ๐ ุฅุญุตุงุฆูุงุช ูุงุนุฏุฉ ุงูุจูุงูุงุช:
2025-11-02 10:52:00,273 - INFO -    ๐ฅ ุนุฏุฏ ุงููุณุชุฎุฏููู: 0
2025-11-02 10:52:00,273 - INFO -    ๐ ุงูุฏูู ุงููุดุทุฉ: 0
2025-11-02 10:52:00,273 - INFO -    ๐ ุนุฏุฏ ุงูุฃุฑูุงู: 0
2025-11-02 10:52:00,273 - INFO -    โญ ูุดุชุฑูู PRO: 0
2025-11-02 10:52:00,283 - INFO - ============================================================
2025-11-02 10:52:00,283 - INFO - ๐ ุชู ุชุดุบูู ุงูุจูุช ุจูุฌุงุญ!
2025-11-02 10:52:00,283 - INFO - ๐ ุจุฏุก ุงุณุชูุจุงู ุงูุฑุณุงุฆู...
2025-11-02 10:52:00,283 - INFO - ============================================================
2025-11-02 10:52:00,283 - INFO - ๐ ุจุฏุก ุนูููุฉ Polling...
2025-11-02 10:52:44,929 - INFO - ============================================================
2025-11-02 10:52:44,929 - INFO - ๐ ุจุฏุก ุชุดุบูู ุจูุช ุงูุฃุฑูุงู ุงููุฌุงููุฉ - ุงููุณุฎุฉ ุงูููุชููุฉ
2025-11-02 10:52:44,929 - INFO - ============================================================
2025-11-02 10:52:44,929 - INFO - โ ุชู ุงูุนุซูุฑ ุนูู BOT_TOKEN
2025-11-02 10:52:44,929 - INFO - โ ADMIN_ID: 7237912884
2025-11-02 10:52:44,929 - INFO - โ ูุณุงุฑ ูุงุนุฏุฉ ุงูุจูุงูุงุช: free_numbers_bot.db
2025-11-02 10:52:44,929 - INFO - ๐ ุชููุฆุฉ ูุงุนุฏุฉ ุงูุจูุงูุงุช...
2025-11-02 10:52:45,071 - INFO - โ ุชู ุชููุฆุฉ ูุงุนุฏุฉ ุงูุจูุงูุงุช ุจูุฌุงุญ ูุน ุฌููุน ุงูุฌุฏุงูู ูุงูููุงุฑุณ
2025-11-02 10:52:45,085 - INFO - ๐ ุฅุญุตุงุฆูุงุช ูุงุนุฏุฉ ุงูุจูุงูุงุช: 0 ูุณุชุฎุฏูุ 0 ุฏููุฉุ 0 ุฑููุ 0 ูุดุชุฑู PRO
2025-11-02 10:52:45,096 - INFO - โ ุชู ุชููุฆุฉ ูุงุนุฏุฉ ุงูุจูุงูุงุช ุจูุฌุงุญ
2025-11-02 10:52:45,096 - INFO - ๐ ุจุฏุก ุฎููุท ุงูุนูู...
2025-11-02 10:52:45,096 - ERROR - โ ุฎุทุฃ ูู ุฎูุท ุงูุชูุธูู: '_GeneratorContextManager' object has no attribute 'cursor'
2025-11-02 10:52:45,096 - INFO - โ ุชู ุจุฏุก ุฌููุน ุฎููุท ุงูุนูู
2025-11-02 10:52:47,309 - INFO - โ ุชู ุชุนููู ุฃูุงูุฑ ุงูุจูุช
2025-11-02 10:52:47,370 - INFO - ๐ ุฅุญุตุงุฆูุงุช ูุงุนุฏุฉ ุงูุจูุงูุงุช:
2025-11-02 10:52:47,370 - INFO -    ๐ฅ ุนุฏุฏ ุงููุณุชุฎุฏููู: 0
2025-11-02 10:52:47,370 - INFO -    ๐ ุงูุฏูู ุงููุดุทุฉ: 0
2025-11-02 10:52:47,370 - INFO -    ๐ ุนุฏุฏ ุงูุฃุฑูุงู: 0
2025-11-02 10:52:47,370 - INFO -    โญ ูุดุชุฑูู PRO: 0
2025-11-02 10:52:47,384 - INFO - ============================================================
2025-11-02 10:52:47,385 - INFO - ๐ ุชู ุชุดุบูู ุงูุจูุช ุจูุฌุงุญ!
2025-11-02 10:52:47,385 - INFO - ๐ ุจุฏุก ุงุณุชูุจุงู ุงูุฑุณุงุฆู...
2025-11-02 10:52:47,385 - INFO - ============================================================
2025-11-02 10:52:47,385 - INFO - ๐ ุจุฏุก ุนูููุฉ Polling...
2025-11-02 10:52:49,761 - ERROR - โ ุฎุทุฃ ูู Polling: '_GeneratorContextManager' object has no attribute 'cursor'
2025-11-02 10:52:49,762 - INFO - ๐ ุฅุนุงุฏุฉ ุงููุญุงููุฉ ุฎูุงู 10 ุซูุงู...
2025-11-02 10:54:11,567 - INFO - ============================================================
2025-11-02 10:54:11,567 - INFO - ๐ ุจุฏุก ุชุดุบูู ุจูุช ุงูุฃุฑูุงู ุงููุฌุงููุฉ - ุงููุณุฎุฉ ุงูููุชููุฉ
2025-11-02 10:54:11,567 - INFO - ============================================================
2025-11-02 10:54:11,567 - INFO - โ ุชู ุงูุนุซูุฑ ุนูู BOT_TOKEN
2025-11-02 10:54:11,567 - INFO - โ ADMIN_ID: 7237912884
2025-11-02 10:54:11,567 - INFO - โ ูุณุงุฑ ูุงุนุฏุฉ ุงูุจูุงูุงุช: free_numbers_bot.db
2025-11-02 10:54:11,567 - INFO - ๐ ุชููุฆุฉ ูุงุนุฏุฉ ุงูุจูุงูุงุช...
2025-11-02 10:54:11,711 - INFO - โ ุชู ุชููุฆุฉ ูุงุนุฏุฉ ุงูุจูุงูุงุช ุจูุฌุงุญ ูุน ุฌููุน ุงูุฌุฏุงูู ูุงูููุงุฑุณ
2025-11-02 10:54:11,725 - INFO - ๐ ุฅุญุตุงุฆูุงุช ูุงุนุฏุฉ ุงูุจูุงูุงุช: 0 ูุณุชุฎุฏูุ 0 ุฏููุฉุ 0 ุฑููุ 0 ูุดุชุฑู PRO
2025-11-02 10:54:11,735 - INFO - โ ุชู ุชููุฆุฉ ูุงุนุฏุฉ ุงูุจูุงูุงุช ุจูุฌุงุญ
2025-11-02 10:54:11,735 - INFO - ๐ ุจุฏุก ุฎููุท ุงูุนูู...
2025-11-02 10:54:11,735 - ERROR - โ ุฎุทุฃ ูู ุฎูุท ุงูุชูุธูู: '_GeneratorContextManager' object has no attribute 'cursor'
2025-11-02 10:54:11,736 - INFO - โ ุชู ุจุฏุก ุฌููุน ุฎููุท ุงูุนูู
2025-11-02 10:54:12,041 - INFO - โ ุชู ุชุนููู ุฃูุงูุฑ ุงูุจูุช
2025-11-02 10:54:12,119 - INFO - ๐ ุฅุญุตุงุฆูุงุช ูุงุนุฏุฉ ุงูุจูุงูุงุช:
2025-11-02 10:54:12,119 - INFO -    ๐ฅ ุนุฏุฏ ุงููุณุชุฎุฏููู: 0
2025-11-02 10:54:12,119 - INFO -    ๐ ุงูุฏูู ุงููุดุทุฉ: 0
2025-11-02 10:54:12,119 - INFO -    ๐ ุนุฏุฏ ุงูุฃุฑูุงู: 0
2025-11-02 10:54:12,119 - INFO -    โญ ูุดุชุฑูู PRO: 0
2025-11-02 10:54:12,130 - INFO - ============================================================
2025-11-02 10:54:12,130 - INFO - ๐ ุชู ุชุดุบูู ุงูุจูุช ุจูุฌุงุญ!
2025-11-02 10:54:12,130 - INFO - ๐ ุจุฏุก ุงุณุชูุจุงู ุงูุฑุณุงุฆู...
2025-11-02 10:54:12,130 - INFO - ============================================================
2025-11-02 10:54:12,130 - INFO - ๐ ุจุฏุก ุนูููุฉ Polling...
2025-11-02 10:54:43,983 - ERROR - โ ุฎุทุฃ ูู Polling: '_GeneratorContextManager' object has no attribute 'cursor'
2025-11-02 10:54:43,983 - INFO - ๐ ุฅุนุงุฏุฉ ุงููุญุงููุฉ ุฎูุงู 10 ุซูุงู...
2025-11-02 10:54:53,986 - INFO - ๐ ุจุฏุก ุนูููุฉ Polling...
2025-11-02 10:59:11,736 - ERROR - โ ุฎุทุฃ ูู ุฎูุท ุงูุชูุธูู: '_GeneratorContextManager' object has no attribute 'cursor'
2025-11-02 11:04:11,737 - ERROR - โ ุฎุทุฃ ูู ุฎูุท ุงูุชูุธูู: '_GeneratorContextManager' object has no attribute 'cursor'
2025-11-02 11:09:11,738 - ERROR - โ ุฎุทุฃ ูู ุฎูุท ุงูุชูุธูู: '_GeneratorContextManager' object has no attribute 'cursor'
